<?xml version="1.0" encoding="UTF-8"?>
<!-- Generated by org.testng.reporters.JUnitReportReporter -->
<testsuite hostname="LAPTOP-Q5S2HBF4" failures="0" tests="1" name="com.myrunner.CucumberRunner" time="26.505" errors="0" timestamp="13 Dec 2021 23:55:37 GMT" skipped="0">
  <testcase classname="com.myrunner.CucumberRunner" name="runScenario" time="26.505"/>
</testsuite> <!-- com.myrunner.CucumberRunner -->
